<?xml version="1.0" encoding="UTF-8"?>
<!-- Generated by org.testng.reporters.JUnitXMLReporter -->
<testsuite ignored="0" hostname="DESKTOP-KF60RUM" failures="0" tests="2" name="Test2" time="0.328" errors="0" timestamp="2022-10-07T13:08:35 IST">
  <testcase classname="com.crm.Generic_Utilities.BaseClass" name="@BeforeClass BC" time="0.003">
    <failure type="java.io.FileNotFoundException" message=".\Common_Data.properties (The system cannot find the file specified)">
      <![CDATA[java.io.FileNotFoundException: .\Common_Data.properties (The system cannot find the file specified)
at java.base/java.io.FileInputStream.open0(Native Method)
at java.base/java.io.FileInputStream.open(FileInputStream.java:211)
at java.base/java.io.FileInputStream.<init>(FileInputStream.java:153)
at java.base/java.io.FileInputStream.<init>(FileInputStream.java:108)
at com.crm.Generic_Utilities.File_Utility.getPropertyKeyValue(File_Utility.java:17)
at com.crm.Generic_Utilities.BaseClass.BC(BaseClass.java:44)
at java.base/java.util.ArrayList.forEach(ArrayList.java:1511)
at java.base/java.util.concurrent.FutureTask.run(FutureTask.java:264)
at java.base/java.util.concurrent.ThreadPoolExecutor.runWorker(ThreadPoolExecutor.java:1130)
at java.base/java.util.concurrent.ThreadPoolExecutor$Worker.run(ThreadPoolExecutor.java:630)
at java.base/java.lang.Thread.run(Thread.java:831)
... Removed 16 stack frames]]>
    </failure>
  </testcase> <!-- @BeforeClass BC -->
  <testcase classname="com.crm.Generic_Utilities.BaseClass" name="@BeforeClass BC" time="0.026">
    <failure type="java.io.FileNotFoundException" message=".\Common_Data.properties (The system cannot find the file specified)">
      <![CDATA[java.io.FileNotFoundException: .\Common_Data.properties (The system cannot find the file specified)
at java.base/java.io.FileInputStream.open0(Native Method)
at java.base/java.io.FileInputStream.open(FileInputStream.java:211)
at java.base/java.io.FileInputStream.<init>(FileInputStream.java:153)
at java.base/java.io.FileInputStream.<init>(FileInputStream.java:108)
at com.crm.Generic_Utilities.File_Utility.getPropertyKeyValue(File_Utility.java:17)
at com.crm.Generic_Utilities.BaseClass.BC(BaseClass.java:44)
at java.base/java.util.ArrayList.forEach(ArrayList.java:1511)
at java.base/java.util.concurrent.FutureTask.run(FutureTask.java:264)
at java.base/java.util.concurrent.ThreadPoolExecutor.runWorker(ThreadPoolExecutor.java:1130)
at java.base/java.util.concurrent.ThreadPoolExecutor$Worker.run(ThreadPoolExecutor.java:630)
at java.base/java.lang.Thread.run(Thread.java:831)
... Removed 16 stack frames]]>
    </failure>
  </testcase> <!-- @BeforeClass BC -->
  <testcase classname="com.crm.Generic_Utilities.BaseClass" name="@BeforeMethod BM" time="-1.665128315576E9">
    <skipped/>
  </testcase> <!-- @BeforeMethod BM -->
  <testcase classname="com.crm.Generic_Utilities.BaseClass" name="@BeforeMethod BM" time="-1.665128315576E9">
    <skipped/>
  </testcase> <!-- @BeforeMethod BM -->
  <testcase classname="com.crm.Generic_Utilities.BaseClass" name="@AfterMethod AM" time="-1.665128315625E9">
    <skipped/>
  </testcase> <!-- @AfterMethod AM -->
  <testcase classname="com.crm.Generic_Utilities.BaseClass" name="@AfterClass AC" time="-1.665128315642E9">
    <skipped/>
  </testcase> <!-- @AfterClass AC -->
  <testcase classname="com.crm.Generic_Utilities.BaseClass" name="@AfterMethod AM" time="-1.665128315619E9">
    <skipped/>
  </testcase> <!-- @AfterMethod AM -->
  <testcase classname="com.crm.Generic_Utilities.BaseClass" name="@BeforeMethod BM" time="-1.665128315658E9">
    <skipped/>
  </testcase> <!-- @BeforeMethod BM -->
  <testcase classname="com.crm.Generic_Utilities.BaseClass" name="@AfterMethod AM" time="-1.665128315679E9">
    <skipped/>
  </testcase> <!-- @AfterMethod AM -->
  <testcase classname="com.crm.Generic_Utilities.BaseClass" name="@AfterClass AC" time="-1.665128315688E9">
    <skipped/>
  </testcase> <!-- @AfterClass AC -->
  <testcase classname="com.crm.Organisation.CreateOrganisationTest" name="createOrganisation" time="0.0">
    <skipped/>
  </testcase> <!-- createOrganisation -->
  <testcase classname="com.crm.Organisation.CreateOrganisationTest" name="modifyOrganisation" time="0.0">
    <skipped/>
  </testcase> <!-- modifyOrganisation -->
</testsuite> <!-- Test2 -->
