<?xml version="1.0" encoding="UTF-8"?>
<!-- Generated by org.testng.reporters.JUnitXMLReporter -->
<testsuite ignored="0" hostname="DESKTOP-KF60RUM" failures="0" tests="2" name="Testrunner1" time="88.975" errors="0" timestamp="2022-10-06T15:08:26 IST">
  <testcase classname="com.crm.Organisation.CreateOrganisationTest" name="createOrganisation" time="39.677"/>
  <testcase classname="com.crm.Organisation.CreateOrganisationTest" name="modifyOrganisation" time="0.002"/>
</testsuite> <!-- Testrunner1 -->
