<?xml version="1.0" encoding="UTF-8"?>
<!-- Generated by org.testng.reporters.JUnitXMLReporter -->
<testsuite ignored="0" hostname="DESKTOP-KF60RUM" failures="0" tests="3" name="Default test" time="48.139" errors="0" timestamp="2022-10-14T14:12:59 IST">
  <testcase classname="Practice.DataProviderTest1" name="moduleDetails" time="17.087"/>
  <testcase classname="Practice.DataProviderTest1" name="moduleDetails" time="15.793"/>
  <testcase classname="Practice.DataProviderTest1" name="moduleDetails" time="15.182"/>
</testsuite> <!-- Default test -->
